\BOOKMARK [1][-]{section.1}{\376\377\133\236\232\214\211\304\122\022\116\016\213\276\213\241}{}% 1
\BOOKMARK [2][-]{subsection.1.1}{\376\377\116\373\122\241\122\006\221\115}{section.1}% 2
\BOOKMARK [2][-]{subsection.1.2}{\376\377\116\373\122\241\211\201\154\102}{section.1}% 3
\BOOKMARK [2][-]{subsection.1.3}{\376\377\213\276\213\241\140\035\215\357}{section.1}% 4
\BOOKMARK [3][-]{subsubsection.1.3.1}{\376\377\201\352\133\232\116\111\145\160\143\156\174\173\127\213}{subsection.1.3}% 5
\BOOKMARK [3][-]{subsubsection.1.3.2}{\376\377\116\073\122\237\200\375\000M\000a\000p\213\276\213\241\140\035\215\357}{subsection.1.3}% 6
\BOOKMARK [3][-]{subsubsection.1.3.3}{\376\377\221\315\121\231\000P\000a\000r\000t\000i\000t\000i\000o\000n\000e\000r}{subsection.1.3}% 7
\BOOKMARK [3][-]{subsubsection.1.3.4}{\376\377\143\222\136\217}{subsection.1.3}% 8
\BOOKMARK [3][-]{subsubsection.1.3.5}{\376\377\201\352\133\232\116\111\122\006\176\304}{subsection.1.3}% 9
\BOOKMARK [3][-]{subsubsection.1.3.6}{\376\377\116\073\122\237\200\375\000R\000e\000d\000u\000c\000e\213\276\213\241\140\035\215\357}{subsection.1.3}% 10
\BOOKMARK [3][-]{subsubsection.1.3.7}{\376\377\000K\000e\000y\000-\000V\000a\000l\000u\000e\174\173\127\213\123\117\214\003}{subsection.1.3}% 11
\BOOKMARK [2][-]{subsection.1.4}{\376\377\116\343\170\001\157\024\171\072}{section.1}% 12
\BOOKMARK [3][-]{subsubsection.1.4.1}{\376\377\000M\000a\000p\226\066\153\265\116\343\170\001\157\024\171\072}{subsection.1.4}% 13
\BOOKMARK [3][-]{subsubsection.1.4.2}{\376\377\000R\000e\000d\000u\000c\000e\226\066\153\265\116\343\170\001\157\024\171\072}{subsection.1.4}% 14
\BOOKMARK [1][-]{section.2}{\376\377\133\236\232\214\176\323\147\234\134\125\171\072}{}% 15
\BOOKMARK [2][-]{subsection.2.1}{\376\377\176\323\147\234\145\207\116\366\142\052\126\376}{section.2}% 16
\BOOKMARK [2][-]{subsection.2.2}{\376\377\176\323\147\234\145\207\116\366\127\050\000H\000D\000F\000S\116\012\166\204\215\357\137\204}{section.2}% 17
\BOOKMARK [2][-]{subsection.2.3}{\376\377\040\034\154\137\156\126\040\035\040\034\230\316\226\352\040\035\217\223\121\372\176\323\147\234\142\052\126\376}{section.2}% 18
\BOOKMARK [2][-]{subsection.2.4}{\376\377\000W\000e\000b\000\040\000U\000I\000\040\142\245\124\112\121\205\133\271\134\125\171\072}{section.2}% 19
\BOOKMARK [1][-]{section.3}{\376\377\133\236\232\214\176\317\232\214\140\073\176\323\116\016\145\071\217\333\145\271\124\021}{}% 20
